ProjectFirst04/demo/build/outputs/logs/manifest-merger-debug-report.txt
-- Merging decision tree log ---
manifest
ADDED from ProjectFirst04\demo\AndroidManifest.xml:2:1-144:12
INJECTED from ProjectFirst04\demo\AndroidManifest.xml:2:1-144:12
INJECTED from ProjectFirst04\demo\AndroidManifest.xml:2:1-144:12
INJECTED from ProjectFirst04\demo\AndroidManifest.xml:2:1-144:12
INJECTED from ProjectFirst04\demo\AndroidManifest.xml:2:1-144:12
INJECTED from ProjectFirst04\demo\AndroidManifest.xml:2:1-144:12
INJECTED from ProjectFirst04\demo\AndroidManifest.xml:2:1-144:12
	package
		ADDED from ProjectFirst04\demo\AndroidManifest.xml:3:5-44
		INJECTED from ProjectFirst04\demo\AndroidManifest.xml
		INJECTED from ProjectFirst04\demo\AndroidManifest.xml
	android:versionName
		INJECTED from ProjectFirst04\demo\AndroidManifest.xml
		ADDED from ProjectFirst04\demo\AndroidManifest.xml:2:1-144:12
		INJECTED from ProjectFirst04\demo\AndroidManifest.xml
	android:versionCode
		INJECTED from ProjectFirst04\demo\AndroidManifest.xml
		ADDED from ProjectFirst04\demo\AndroidManifest.xml:2:1-144:12
		INJECTED from ProjectFirst04\demo\AndroidManifest.xml
	xmlns:android
		ADDED from ProjectFirst04\demo\AndroidManifest.xml:2:11-69
uses-sdk
INJECTED from ProjectFirst04\demo\AndroidManifest.xml reason: use-sdk injection requested
INJECTED from ProjectFirst04\demo\AndroidManifest.xml
INJECTED from ProjectFirst04\demo\AndroidManifest.xml
INJECTED from ProjectFirst04\demo\AndroidManifest.xml
INJECTED from ProjectFirst04\demo\AndroidManifest.xml
	android:targetSdkVersion
		INJECTED from ProjectFirst04\demo\AndroidManifest.xml
		ADDED from ProjectFirst04\demo\AndroidManifest.xml
		INJECTED from ProjectFirst04\demo\AndroidManifest.xml
	android:minSdkVersion
		INJECTED from ProjectFirst04\demo\AndroidManifest.xml
		ADDED from ProjectFirst04\demo\AndroidManifest.xml
		INJECTED from ProjectFirst04\demo\AndroidManifest.xml